# JRE version: Java(TM) SE Runtime Environment (8.0_92-b14) (build 1.8.0_92-b14)
# Java VM: Java HotSpot(TM) 64-Bit Server VM (25.92-b14 mixed mode bsd-amd64 compressed oops)
Heap:
 PSYoungGen      total 307200K, used 103165K [0x00000007aab00000, 0x00000007bff00000, 0x00000007c0000000)
  eden space 297984K, 31% used [0x00000007aab00000,0x00000007b0705080,0x00000007bce00000)
  from space 9216K, 96% used [0x00000007bce00000,0x00000007bd6ba438,0x00000007bd700000)
  to   space 25088K, 0% used [0x00000007be680000,0x00000007be680000,0x00000007bff00000)
 ParOldGen       total 92160K, used 48007K [0x0000000780000000, 0x0000000785a00000, 0x00000007aab00000)
  object space 92160K, 52% used [0x0000000780000000,0x0000000782ee1c40,0x0000000785a00000)
 Metaspace       used 63084K, capacity 65352K, committed 65496K, reserved 1105920K
  class space    used 8368K, capacity 8885K, committed 8960K, reserved 1048576K
GC Heap History (10 events):
Event: 9.882 GC heap before
{Heap before GC invocations=14 (full 2):
 PSYoungGen      total 207872K, used 99174K [0x00000007aab00000, 0x00000007bd200000, 0x00000007c0000000)
  eden space 186368K, 41% used [0x00000007aab00000,0x00000007af6ddf38,0x00000007b6100000)
  from space 21504K, 99% used [0x00000007b6100000,0x00000007b75fbb80,0x00000007b7600000)
  to   space 26624K, 0% used [0x00000007bb800000,0x00000007bb800000,0x00000007bd200000)
 ParOldGen       total 92160K, used 36422K [0x0000000780000000, 0x0000000785a00000, 0x00000007aab00000)
  object space 92160K, 39% used [0x0000000780000000,0x0000000782391a98,0x0000000785a00000)
 Metaspace       used 52874K, capacity 53920K, committed 54104K, reserved 1095680K
  class space    used 7154K, capacity 7454K, committed 7552K, reserved 1048576K
Event: 9.907 GC heap after
Heap after GC invocations=14 (full 2):
 PSYoungGen      total 273408K, used 10970K [0x00000007aab00000, 0x00000007bd000000, 0x00000007c0000000)
  eden space 248832K, 0% used [0x00000007aab00000,0x00000007aab00000,0x00000007b9e00000)
  from space 24576K, 44% used [0x00000007bb800000,0x00000007bc2b6ab8,0x00000007bd000000)
  to   space 25600K, 0% used [0x00000007b9e00000,0x00000007b9e00000,0x00000007bb700000)
 ParOldGen       total 92160K, used 50732K [0x0000000780000000, 0x0000000785a00000, 0x00000007aab00000)
  object space 92160K, 55% used [0x0000000780000000,0x000000078318b1b0,0x0000000785a00000)
 Metaspace       used 52874K, capacity 53920K, committed 54104K, reserved 1095680K
  class space    used 7154K, capacity 7454K, committed 7552K, reserved 1048576K
}
Event: 9.907 GC heap before
{Heap before GC invocations=15 (full 3):
 PSYoungGen      total 273408K, used 10970K [0x00000007aab00000, 0x00000007bd000000, 0x00000007c0000000)
  eden space 248832K, 0% used [0x00000007aab00000,0x00000007aab00000,0x00000007b9e00000)
  from space 24576K, 44% used [0x00000007bb800000,0x00000007bc2b6ab8,0x00000007bd000000)
  to   space 25600K, 0% used [0x00000007b9e00000,0x00000007b9e00000,0x00000007bb700000)
 ParOldGen       total 92160K, used 50732K [0x0000000780000000, 0x0000000785a00000, 0x00000007aab00000)
  object space 92160K, 55% used [0x0000000780000000,0x000000078318b1b0,0x0000000785a00000)
 Metaspace       used 52874K, capacity 53920K, committed 54104K, reserved 1095680K
  class space    used 7154K, capacity 7454K, committed 7552K, reserved 1048576K
Event: 10.149 GC heap after
Heap after GC invocations=15 (full 3):
 PSYoungGen      total 273408K, used 0K [0x00000007aab00000, 0x00000007bd000000, 0x00000007c0000000)
  eden space 248832K, 0% used [0x00000007aab00000,0x00000007aab00000,0x00000007b9e00000)
  from space 24576K, 0% used [0x00000007bb800000,0x00000007bb800000,0x00000007bd000000)
  to   space 25600K, 0% used [0x00000007b9e00000,0x00000007b9e00000,0x00000007bb700000)
 ParOldGen       total 92160K, used 34614K [0x0000000780000000, 0x0000000785a00000, 0x00000007aab00000)
  object space 92160K, 37% used [0x0000000780000000,0x00000007821cd888,0x0000000785a00000)
 Metaspace       used 52874K, capacity 53920K, committed 54104K, reserved 1095680K
  class space    used 7154K, capacity 7454K, committed 7552K, reserved 1048576K
}
Event: 12.370 GC heap before
{Heap before GC invocations=16 (full 3):
 PSYoungGen      total 273408K, used 248832K [0x00000007aab00000, 0x00000007bd000000, 0x00000007c0000000)
  eden space 248832K, 100% used [0x00000007aab00000,0x00000007b9e00000,0x00000007b9e00000)
  from space 24576K, 0% used [0x00000007bb800000,0x00000007bb800000,0x00000007bd000000)
  to   space 25600K, 0% used [0x00000007b9e00000,0x00000007b9e00000,0x00000007bb700000)
 ParOldGen       total 92160K, used 34614K [0x0000000780000000, 0x0000000785a00000, 0x00000007aab00000)
  object space 92160K, 37% used [0x0000000780000000,0x00000007821cd888,0x0000000785a00000)
 Metaspace       used 55395K, capacity 56622K, committed 56920K, reserved 1097728K
  class space    used 7406K, capacity 7749K, committed 7808K, reserved 1048576K
Event: 12.393 GC heap after
Heap after GC invocations=16 (full 3):
 PSYoungGen      total 274432K, used 6157K [0x00000007aab00000, 0x00000007c0000000, 0x00000007c0000000)
  eden space 248832K, 0% used [0x00000007aab00000,0x00000007aab00000,0x00000007b9e00000)
  from space 25600K, 24% used [0x00000007b9e00000,0x00000007ba403670,0x00000007bb700000)
  to   space 25600K, 0% used [0x00000007be700000,0x00000007be700000,0x00000007c0000000)
 ParOldGen       total 92160K, used 34622K [0x0000000780000000, 0x0000000785a00000, 0x00000007aab00000)
  object space 92160K, 37% used [0x0000000780000000,0x00000007821cf888,0x0000000785a00000)
 Metaspace       used 55395K, capacity 56622K, committed 56920K, reserved 1097728K
  class space    used 7406K, capacity 7749K, committed 7808K, reserved 1048576K
}
Event: 13.885 GC heap before
{Heap before GC invocations=17 (full 3):
 PSYoungGen      total 274432K, used 254989K [0x00000007aab00000, 0x00000007c0000000, 0x00000007c0000000)
  eden space 248832K, 100% used [0x00000007aab00000,0x00000007b9e00000,0x00000007b9e00000)
  from space 25600K, 24% used [0x00000007b9e00000,0x00000007ba403670,0x00000007bb700000)
  to   space 25600K, 0% used [0x00000007be700000,0x00000007be700000,0x00000007c0000000)
 ParOldGen       total 92160K, used 34622K [0x0000000780000000, 0x0000000785a00000, 0x00000007aab00000)
  object space 92160K, 37% used [0x0000000780000000,0x00000007821cf888,0x0000000785a00000)
 Metaspace       used 58788K, capacity 60404K, committed 60632K, reserved 1101824K
  class space    used 7906K, capacity 8330K, committed 8448K, reserved 1048576K
Event: 13.916 GC heap after
Heap after GC invocations=17 (full 3):
 PSYoungGen      total 323584K, used 16191K [0x00000007aab00000, 0x00000007c0000000, 0x00000007c0000000)
  eden space 297984K, 0% used [0x00000007aab00000,0x00000007aab00000,0x00000007bce00000)
  from space 25600K, 63% used [0x00000007be700000,0x00000007bf6cfdb0,0x00000007c0000000)
  to   space 25600K, 0% used [0x00000007bce00000,0x00000007bce00000,0x00000007be700000)
 ParOldGen       total 92160K, used 36142K [0x0000000780000000, 0x0000000785a00000, 0x00000007aab00000)
  object space 92160K, 39% used [0x0000000780000000,0x000000078234ba18,0x0000000785a00000)
 Metaspace       used 58788K, capacity 60404K, committed 60632K, reserved 1101824K
  class space    used 7906K, capacity 8330K, committed 8448K, reserved 1048576K
}
Event: 1472.546 GC heap before
{Heap before GC invocations=18 (full 3):
 PSYoungGen      total 323584K, used 314175K [0x00000007aab00000, 0x00000007c0000000, 0x00000007c0000000)
  eden space 297984K, 100% used [0x00000007aab00000,0x00000007bce00000,0x00000007bce00000)
  from space 25600K, 63% used [0x00000007be700000,0x00000007bf6cfdb0,0x00000007c0000000)
  to   space 25600K, 0% used [0x00000007bce00000,0x00000007bce00000,0x00000007be700000)
 ParOldGen       total 92160K, used 36142K [0x0000000780000000, 0x0000000785a00000, 0x00000007aab00000)
  object space 92160K, 39% used [0x0000000780000000,0x000000078234ba18,0x0000000785a00000)
 Metaspace       used 61088K, capacity 63346K, committed 63448K, reserved 1103872K
  class space    used 8136K, capacity 8652K, committed 8704K, reserved 1048576K
Event: 1472.614 GC heap after
Heap after GC invocations=18 (full 3):
 PSYoungGen      total 307200K, used 8937K [0x00000007aab00000, 0x00000007bff00000, 0x00000007c0000000)
  eden space 297984K, 0% used [0x00000007aab00000,0x00000007aab00000,0x00000007bce00000)
  from space 9216K, 96% used [0x00000007bce00000,0x00000007bd6ba438,0x00000007bd700000)
  to   space 25088K, 0% used [0x00000007be680000,0x00000007be680000,0x00000007bff00000)
 ParOldGen       total 92160K, used 48007K [0x0000000780000000, 0x0000000785a00000, 0x00000007aab00000)
  object space 92160K, 52% used [0x0000000780000000,0x0000000782ee1c40,0x0000000785a00000)
 Metaspace       used 61088K, capacity 63346K, committed 63448K, reserved 1103872K
  class space    used 8136K, capacity 8652K, committed 8704K, reserved 1048576K
}

